<?xml version="1.0" encoding="UTF-8"?>
<testsuite xmlns:xsi="http://www.w3.org/2001/XMLSchema-instance" xsi:noNamespaceSchemaLocation="https://maven.apache.org/surefire/maven-surefire-plugin/xsd/surefire-test-report-3.0.xsd" version="3.0" name="cucumber.Options.TestRunner" time="9.628" tests="2" errors="0" skipped="0" failures="0">
  <properties>
[...]
</properties>
  <testcase name="Verify if place is being successfully added using AddPlaceAPI" classname="Validating place API&apos;s" time="6.999">
    <system-out><![CDATA[maps/api/place/add/json
latest statusOK
latest statusAPP
latest statusOK
latest statusAPP
maps/api/place/get/json
]]></system-out>
  </testcase>
  <testcase name="Verify if deletePlace API is working" classname="Validating place API&apos;s" time="1.53">
    <system-out><![CDATA[maps/api/place/delete/json
The key 'scope' does not exist in the response.
latest statusOK
latest statusnull
]]></system-out>
  </testcase>
</testsuite>